{"/Users/nataliazherebtcova/JS_2.4.3/sum.js": {"path":"/Users/nataliazherebtcova/JS_2.4.3/sum.js","statementMap":{"0":{"start":{"line":1,"column":23},"end":{"line":11,"column":1}},"1":{"start":{"line":3,"column":14},"end":{"line":3,"column":19}},"2":{"start":{"line":6,"column":2},"end":{"line":6,"column":42}},"3":{"start":{"line":10,"column":2},"end":{"line":10,"column":15}},"4":{"start":{"line":16,"column":0},"end":{"line":16,"column":32}}},"fnMap":{"0":{"name":"(anonymous_0)","decl":{"start":{"line":1,"column":23},"end":{"line":1,"column":24}},"loc":{"start":{"line":1,"column":33},"end":{"line":11,"column":1}},"line":1}},"branchMap":{"0":{"loc":{"start":{"line":6,"column":2},"end":{"line":6,"column":41}},"type":"cond-expr","locations":[{"start":{"line":6,"column":14},"end":{"line":6,"column":24}},{"start":{"line":6,"column":29},"end":{"line":6,"column":40}}],"line":6}},"s":{"0":1,"1":19,"2":19,"3":19,"4":1},"f":{"0":19},"b":{"0":[7,12]},"_coverageSchema":"1a1c01bbd47fc00a2c39e90264f33305004495a9","hash":"ba141184f78d5e7424c4c2f7b7eda1c1861137a2"}
}
